TN:
SF:app/domain/ValueObjects.ts
FN:5,UniqueId
FN:9,get value
FN:12,<instance_members_initializer>
FN:18,RegistrationId
FN:22,get value
FN:25,<instance_members_initializer>
FN:31,IPAddress
FN:50,get value
FN:53,<instance_members_initializer>
FN:59,Siret
FN:64,get value
FN:67,<instance_members_initializer>
FN:73,PictureURL
FN:76,get value
FN:79,<instance_members_initializer>
FN:85,Mileage
FN:90,get value
FN:93,<instance_members_initializer>
FN:99,Name
FN:107,get value
FN:110,<instance_members_initializer>
FN:110,isEqual
FN:116,Address
FN:137,get value
FN:140,<instance_members_initializer>
FNF:25
FNH:4
FNDA:0,UniqueId
FNDA:0,get value
FNDA:0,<instance_members_initializer>
FNDA:0,RegistrationId
FNDA:0,get value
FNDA:0,<instance_members_initializer>
FNDA:0,IPAddress
FNDA:0,get value
FNDA:0,<instance_members_initializer>
FNDA:0,Siret
FNDA:0,get value
FNDA:0,<instance_members_initializer>
FNDA:0,PictureURL
FNDA:0,get value
FNDA:0,<instance_members_initializer>
FNDA:0,Mileage
FNDA:0,get value
FNDA:0,<instance_members_initializer>
FNDA:10,Name
FNDA:8,get value
FNDA:10,<instance_members_initializer>
FNDA:3,isEqual
FNDA:0,Address
FNDA:0,get value
FNDA:0,<instance_members_initializer>
DA:1,1
DA:2,1
DA:3,1
DA:4,1
DA:5,1
DA:6,0
DA:7,0
DA:8,0
DA:9,1
DA:10,0
DA:11,0
DA:12,1
DA:13,0
DA:14,1
DA:15,1
DA:16,1
DA:17,1
DA:18,1
DA:19,0
DA:20,0
DA:21,0
DA:22,1
DA:23,0
DA:24,0
DA:25,1
DA:26,0
DA:27,1
DA:28,1
DA:29,1
DA:30,1
DA:31,1
DA:32,0
DA:33,0
DA:34,0
DA:35,0
DA:36,0
DA:37,0
DA:38,0
DA:39,0
DA:40,0
DA:41,0
DA:42,0
DA:43,0
DA:44,0
DA:45,0
DA:46,0
DA:47,0
DA:48,0
DA:49,0
DA:50,1
DA:51,0
DA:52,0
DA:53,1
DA:54,0
DA:55,1
DA:56,1
DA:57,1
DA:58,1
DA:59,1
DA:60,0
DA:61,0
DA:62,0
DA:63,0
DA:64,1
DA:65,0
DA:66,0
DA:67,1
DA:68,0
DA:69,1
DA:70,1
DA:71,1
DA:72,1
DA:73,1
DA:74,0
DA:75,0
DA:76,1
DA:77,0
DA:78,0
DA:79,1
DA:80,0
DA:81,1
DA:82,1
DA:83,1
DA:84,1
DA:85,1
DA:86,0
DA:87,0
DA:88,0
DA:89,0
DA:90,1
DA:91,0
DA:92,0
DA:93,1
DA:94,0
DA:95,1
DA:96,1
DA:97,1
DA:98,1
DA:99,1
DA:100,10
DA:101,10
DA:102,10
DA:103,10
DA:104,10
DA:105,10
DA:106,10
DA:107,1
DA:108,8
DA:109,8
DA:110,1
DA:111,3
DA:112,1
DA:113,1
DA:114,1
DA:115,1
DA:116,1
DA:117,0
DA:118,0
DA:119,0
DA:120,0
DA:121,0
DA:122,0
DA:123,0
DA:124,0
DA:125,0
DA:126,0
DA:127,0
DA:128,0
DA:129,0
DA:130,0
DA:131,0
DA:132,0
DA:133,0
DA:134,0
DA:135,0
DA:136,0
DA:137,1
DA:138,0
DA:139,0
DA:140,1
DA:141,0
DA:142,0
DA:143,0
DA:144,0
DA:145,0
DA:146,0
DA:147,0
DA:148,1
LF:148
LH:67
BRDA:12,0,0,0
BRDA:25,1,0,0
BRDA:53,2,0,0
BRDA:67,3,0,0
BRDA:79,4,0,0
BRDA:93,5,0,0
BRDA:99,6,0,10
BRDA:100,7,0,0
BRDA:102,8,0,0
BRDA:107,9,0,8
BRDA:110,10,0,10
BRDA:110,11,0,3
BRDA:140,12,0,0
BRF:13
BRH:4
end_of_record
TN:
SF:app/domain/entities/Model.ts
FN:10,Model
FN:16,get name
FN:19,get brand
FN:22,<instance_members_initializer>
FN:22,isEqual
FNF:5
FNH:5
FNDA:5,Model
FNDA:5,get name
FNDA:3,get brand
FNDA:5,<instance_members_initializer>
FNDA:2,isEqual
DA:1,1
DA:2,1
DA:3,1
DA:4,1
DA:5,1
DA:6,1
DA:7,1
DA:8,1
DA:9,1
DA:10,1
DA:11,5
DA:12,5
DA:13,5
DA:14,5
DA:15,5
DA:16,1
DA:17,5
DA:18,5
DA:19,1
DA:20,3
DA:21,3
DA:22,1
DA:23,2
DA:24,2
DA:25,1
DA:26,2
DA:27,2
DA:28,2
DA:29,1
DA:30,1
DA:31,1
LF:31
LH:31
BRDA:10,0,0,5
BRDA:16,1,0,5
BRDA:19,2,0,3
BRDA:22,3,0,5
BRDA:22,4,0,2
BRDA:24,5,0,1
BRDA:28,6,0,1
BRF:7
BRH:7
end_of_record
